

Started GET "/" for 127.0.0.1 at 2014-04-09 09:21:49 +0400
Processing by Rails::WelcomeController#index as HTML
  Rendered /home/petr/.rvm/rubies/ruby-2.1.1/lib/ruby/gems/2.1.0/gems/railties-4.1.0/lib/rails/templates/rails/welcome/index.html.erb (3.2ms)
Completed 200 OK in 135ms (Views: 67.2ms | ActiveRecord: 0.0ms)


Started GET "/" for 127.0.0.1 at 2014-04-09 09:22:54 +0400
Processing by Rails::WelcomeController#index as HTML
  Rendered /home/petr/.rvm/rubies/ruby-2.1.1/lib/ruby/gems/2.1.0/gems/railties-4.1.0/lib/rails/templates/rails/welcome/index.html.erb (4.1ms)
Completed 200 OK in 64ms (Views: 20.0ms | ActiveRecord: 0.0ms)


Started GET "/rails/info/properties" for 127.0.0.1 at 2014-04-09 09:23:55 +0400
Processing by Rails::InfoController#properties as */*
  Rendered /home/petr/.rvm/rubies/ruby-2.1.1/lib/ruby/gems/2.1.0/gems/railties-4.1.0/lib/rails/templates/rails/info/properties.html.erb (1.0ms)
Completed 200 OK in 191ms (Views: 40.7ms | ActiveRecord: 30.2ms)


Started GET "/" for 127.0.0.1 at 2014-04-09 10:34:54 +0400
Processing by Rails::WelcomeController#index as HTML
  Rendered /home/petr/.rvm/rubies/ruby-2.1.1/lib/ruby/gems/2.1.0/gems/railties-4.1.0/lib/rails/templates/rails/welcome/index.html.erb (3.6ms)
Completed 200 OK in 66ms (Views: 13.2ms | ActiveRecord: 0.0ms)


Started GET "/" for 127.0.0.1 at 2014-04-09 10:36:06 +0400
Processing by Rails::WelcomeController#index as HTML
  Rendered /home/petr/.rvm/rubies/ruby-2.1.1/lib/ruby/gems/2.1.0/gems/railties-4.1.0/lib/rails/templates/rails/welcome/index.html.erb (0.1ms)
Completed 200 OK in 3ms (Views: 2.1ms | ActiveRecord: 0.0ms)


Started GET "/" for 127.0.0.1 at 2014-04-09 10:36:09 +0400
Processing by Rails::WelcomeController#index as HTML
  Rendered /home/petr/.rvm/rubies/ruby-2.1.1/lib/ruby/gems/2.1.0/gems/railties-4.1.0/lib/rails/templates/rails/welcome/index.html.erb (0.1ms)
Completed 200 OK in 10ms (Views: 6.2ms | ActiveRecord: 0.0ms)


Started GET "/welcome" for 127.0.0.1 at 2014-04-09 11:00:04 +0400

ActionController::RoutingError (No route matches [GET] "/welcome"):
  actionpack (4.1.0) lib/action_dispatch/middleware/debug_exceptions.rb:21:in `call'
  actionpack (4.1.0) lib/action_dispatch/middleware/show_exceptions.rb:30:in `call'
  railties (4.1.0) lib/rails/rack/logger.rb:38:in `call_app'
  railties (4.1.0) lib/rails/rack/logger.rb:20:in `block in call'
  activesupport (4.1.0) lib/active_support/tagged_logging.rb:68:in `block in tagged'
  activesupport (4.1.0) lib/active_support/tagged_logging.rb:26:in `tagged'
  activesupport (4.1.0) lib/active_support/tagged_logging.rb:68:in `tagged'
  railties (4.1.0) lib/rails/rack/logger.rb:20:in `call'
  actionpack (4.1.0) lib/action_dispatch/middleware/request_id.rb:21:in `call'
  rack (1.5.2) lib/rack/methodoverride.rb:21:in `call'
  rack (1.5.2) lib/rack/runtime.rb:17:in `call'
  activesupport (4.1.0) lib/active_support/cache/strategy/local_cache_middleware.rb:26:in `call'
  rack (1.5.2) lib/rack/lock.rb:17:in `call'
  actionpack (4.1.0) lib/action_dispatch/middleware/static.rb:64:in `call'
  rack (1.5.2) lib/rack/sendfile.rb:112:in `call'
  railties (4.1.0) lib/rails/engine.rb:514:in `call'
  railties (4.1.0) lib/rails/application.rb:144:in `call'
  rack (1.5.2) lib/rack/lock.rb:17:in `call'
  rack (1.5.2) lib/rack/content_length.rb:14:in `call'
  rack (1.5.2) lib/rack/handler/webrick.rb:60:in `service'
  /home/petr/.rvm/rubies/ruby-2.1.1/lib/ruby/2.1.0/webrick/httpserver.rb:138:in `service'
  /home/petr/.rvm/rubies/ruby-2.1.1/lib/ruby/2.1.0/webrick/httpserver.rb:94:in `run'
  /home/petr/.rvm/rubies/ruby-2.1.1/lib/ruby/2.1.0/webrick/server.rb:295:in `block in start_thread'


  Rendered /home/petr/.rvm/rubies/ruby-2.1.1/lib/ruby/gems/2.1.0/gems/actionpack-4.1.0/lib/action_dispatch/middleware/templates/rescues/_trace.html.erb (2.3ms)
  Rendered /home/petr/.rvm/rubies/ruby-2.1.1/lib/ruby/gems/2.1.0/gems/actionpack-4.1.0/lib/action_dispatch/middleware/templates/routes/_route.html.erb (1.8ms)
  Rendered /home/petr/.rvm/rubies/ruby-2.1.1/lib/ruby/gems/2.1.0/gems/actionpack-4.1.0/lib/action_dispatch/middleware/templates/routes/_table.html.erb (41.2ms)
  Rendered /home/petr/.rvm/rubies/ruby-2.1.1/lib/ruby/gems/2.1.0/gems/actionpack-4.1.0/lib/action_dispatch/middleware/templates/rescues/routing_error.html.erb within rescues/layout (408.6ms)


Started GET "/welcome" for 127.0.0.1 at 2014-04-09 11:04:05 +0400

ActionController::RoutingError (No route matches [GET] "/welcome"):
  actionpack (4.1.0) lib/action_dispatch/middleware/debug_exceptions.rb:21:in `call'
  actionpack (4.1.0) lib/action_dispatch/middleware/show_exceptions.rb:30:in `call'
  railties (4.1.0) lib/rails/rack/logger.rb:38:in `call_app'
  railties (4.1.0) lib/rails/rack/logger.rb:20:in `block in call'
  activesupport (4.1.0) lib/active_support/tagged_logging.rb:68:in `block in tagged'
  activesupport (4.1.0) lib/active_support/tagged_logging.rb:26:in `tagged'
  activesupport (4.1.0) lib/active_support/tagged_logging.rb:68:in `tagged'
  railties (4.1.0) lib/rails/rack/logger.rb:20:in `call'
  actionpack (4.1.0) lib/action_dispatch/middleware/request_id.rb:21:in `call'
  rack (1.5.2) lib/rack/methodoverride.rb:21:in `call'
  rack (1.5.2) lib/rack/runtime.rb:17:in `call'
  activesupport (4.1.0) lib/active_support/cache/strategy/local_cache_middleware.rb:26:in `call'
  rack (1.5.2) lib/rack/lock.rb:17:in `call'
  actionpack (4.1.0) lib/action_dispatch/middleware/static.rb:64:in `call'
  rack (1.5.2) lib/rack/sendfile.rb:112:in `call'
  railties (4.1.0) lib/rails/engine.rb:514:in `call'
  railties (4.1.0) lib/rails/application.rb:144:in `call'
  rack (1.5.2) lib/rack/lock.rb:17:in `call'
  rack (1.5.2) lib/rack/content_length.rb:14:in `call'
  rack (1.5.2) lib/rack/handler/webrick.rb:60:in `service'
  /home/petr/.rvm/rubies/ruby-2.1.1/lib/ruby/2.1.0/webrick/httpserver.rb:138:in `service'
  /home/petr/.rvm/rubies/ruby-2.1.1/lib/ruby/2.1.0/webrick/httpserver.rb:94:in `run'
  /home/petr/.rvm/rubies/ruby-2.1.1/lib/ruby/2.1.0/webrick/server.rb:295:in `block in start_thread'


  Rendered /home/petr/.rvm/rubies/ruby-2.1.1/lib/ruby/gems/2.1.0/gems/actionpack-4.1.0/lib/action_dispatch/middleware/templates/rescues/_trace.html.erb (4.0ms)
  Rendered /home/petr/.rvm/rubies/ruby-2.1.1/lib/ruby/gems/2.1.0/gems/actionpack-4.1.0/lib/action_dispatch/middleware/templates/routes/_route.html.erb (1.6ms)
  Rendered /home/petr/.rvm/rubies/ruby-2.1.1/lib/ruby/gems/2.1.0/gems/actionpack-4.1.0/lib/action_dispatch/middleware/templates/routes/_table.html.erb (2.0ms)
  Rendered /home/petr/.rvm/rubies/ruby-2.1.1/lib/ruby/gems/2.1.0/gems/actionpack-4.1.0/lib/action_dispatch/middleware/templates/rescues/routing_error.html.erb within rescues/layout (53.9ms)


Started GET "/" for 127.0.0.1 at 2014-04-09 11:04:13 +0400
Processing by WelcomeController#index as HTML
  Rendered welcome/index.html.erb within layouts/application (11.3ms)
Completed 200 OK in 732ms (Views: 730.4ms | ActiveRecord: 0.0ms)


Started GET "/assets/welcome.css?body=1" for 127.0.0.1 at 2014-04-09 11:04:14 +0400


Started GET "/assets/application.css?body=1" for 127.0.0.1 at 2014-04-09 11:04:14 +0400


Started GET "/assets/jquery.js?body=1" for 127.0.0.1 at 2014-04-09 11:04:14 +0400


Started GET "/assets/jquery_ujs.js?body=1" for 127.0.0.1 at 2014-04-09 11:04:14 +0400


Started GET "/assets/turbolinks.js?body=1" for 127.0.0.1 at 2014-04-09 11:04:14 +0400


Started GET "/assets/welcome.js?body=1" for 127.0.0.1 at 2014-04-09 11:04:14 +0400


Started GET "/assets/application.js?body=1" for 127.0.0.1 at 2014-04-09 11:04:14 +0400


Started GET "/welcom/index" for 127.0.0.1 at 2014-04-09 11:05:54 +0400

ActionController::RoutingError (No route matches [GET] "/welcom/index"):
  actionpack (4.1.0) lib/action_dispatch/middleware/debug_exceptions.rb:21:in `call'
  actionpack (4.1.0) lib/action_dispatch/middleware/show_exceptions.rb:30:in `call'
  railties (4.1.0) lib/rails/rack/logger.rb:38:in `call_app'
  railties (4.1.0) lib/rails/rack/logger.rb:20:in `block in call'
  activesupport (4.1.0) lib/active_support/tagged_logging.rb:68:in `block in tagged'
  activesupport (4.1.0) lib/active_support/tagged_logging.rb:26:in `tagged'
  activesupport (4.1.0) lib/active_support/tagged_logging.rb:68:in `tagged'
  railties (4.1.0) lib/rails/rack/logger.rb:20:in `call'
  actionpack (4.1.0) lib/action_dispatch/middleware/request_id.rb:21:in `call'
  rack (1.5.2) lib/rack/methodoverride.rb:21:in `call'
  rack (1.5.2) lib/rack/runtime.rb:17:in `call'
  activesupport (4.1.0) lib/active_support/cache/strategy/local_cache_middleware.rb:26:in `call'
  rack (1.5.2) lib/rack/lock.rb:17:in `call'
  actionpack (4.1.0) lib/action_dispatch/middleware/static.rb:64:in `call'
  rack (1.5.2) lib/rack/sendfile.rb:112:in `call'
  railties (4.1.0) lib/rails/engine.rb:514:in `call'
  railties (4.1.0) lib/rails/application.rb:144:in `call'
  rack (1.5.2) lib/rack/lock.rb:17:in `call'
  rack (1.5.2) lib/rack/content_length.rb:14:in `call'
  rack (1.5.2) lib/rack/handler/webrick.rb:60:in `service'
  /home/petr/.rvm/rubies/ruby-2.1.1/lib/ruby/2.1.0/webrick/httpserver.rb:138:in `service'
  /home/petr/.rvm/rubies/ruby-2.1.1/lib/ruby/2.1.0/webrick/httpserver.rb:94:in `run'
  /home/petr/.rvm/rubies/ruby-2.1.1/lib/ruby/2.1.0/webrick/server.rb:295:in `block in start_thread'


  Rendered /home/petr/.rvm/rubies/ruby-2.1.1/lib/ruby/gems/2.1.0/gems/actionpack-4.1.0/lib/action_dispatch/middleware/templates/rescues/_trace.html.erb (4.5ms)
  Rendered /home/petr/.rvm/rubies/ruby-2.1.1/lib/ruby/gems/2.1.0/gems/actionpack-4.1.0/lib/action_dispatch/middleware/templates/routes/_route.html.erb (1.6ms)
  Rendered /home/petr/.rvm/rubies/ruby-2.1.1/lib/ruby/gems/2.1.0/gems/actionpack-4.1.0/lib/action_dispatch/middleware/templates/routes/_table.html.erb (2.1ms)
  Rendered /home/petr/.rvm/rubies/ruby-2.1.1/lib/ruby/gems/2.1.0/gems/actionpack-4.1.0/lib/action_dispatch/middleware/templates/rescues/routing_error.html.erb within rescues/layout (71.2ms)


Started GET "/welcome" for 127.0.0.1 at 2014-04-09 11:06:17 +0400

ActionController::RoutingError (No route matches [GET] "/welcome"):
  actionpack (4.1.0) lib/action_dispatch/middleware/debug_exceptions.rb:21:in `call'
  actionpack (4.1.0) lib/action_dispatch/middleware/show_exceptions.rb:30:in `call'
  railties (4.1.0) lib/rails/rack/logger.rb:38:in `call_app'
  railties (4.1.0) lib/rails/rack/logger.rb:20:in `block in call'
  activesupport (4.1.0) lib/active_support/tagged_logging.rb:68:in `block in tagged'
  activesupport (4.1.0) lib/active_support/tagged_logging.rb:26:in `tagged'
  activesupport (4.1.0) lib/active_support/tagged_logging.rb:68:in `tagged'
  railties (4.1.0) lib/rails/rack/logger.rb:20:in `call'
  actionpack (4.1.0) lib/action_dispatch/middleware/request_id.rb:21:in `call'
  rack (1.5.2) lib/rack/methodoverride.rb:21:in `call'
  rack (1.5.2) lib/rack/runtime.rb:17:in `call'
  activesupport (4.1.0) lib/active_support/cache/strategy/local_cache_middleware.rb:26:in `call'
  rack (1.5.2) lib/rack/lock.rb:17:in `call'
  actionpack (4.1.0) lib/action_dispatch/middleware/static.rb:64:in `call'
  rack (1.5.2) lib/rack/sendfile.rb:112:in `call'
  railties (4.1.0) lib/rails/engine.rb:514:in `call'
  railties (4.1.0) lib/rails/application.rb:144:in `call'
  rack (1.5.2) lib/rack/lock.rb:17:in `call'
  rack (1.5.2) lib/rack/content_length.rb:14:in `call'
  rack (1.5.2) lib/rack/handler/webrick.rb:60:in `service'
  /home/petr/.rvm/rubies/ruby-2.1.1/lib/ruby/2.1.0/webrick/httpserver.rb:138:in `service'
  /home/petr/.rvm/rubies/ruby-2.1.1/lib/ruby/2.1.0/webrick/httpserver.rb:94:in `run'
  /home/petr/.rvm/rubies/ruby-2.1.1/lib/ruby/2.1.0/webrick/server.rb:295:in `block in start_thread'


  Rendered /home/petr/.rvm/rubies/ruby-2.1.1/lib/ruby/gems/2.1.0/gems/actionpack-4.1.0/lib/action_dispatch/middleware/templates/rescues/_trace.html.erb (5.5ms)
  Rendered /home/petr/.rvm/rubies/ruby-2.1.1/lib/ruby/gems/2.1.0/gems/actionpack-4.1.0/lib/action_dispatch/middleware/templates/routes/_route.html.erb (2.9ms)
  Rendered /home/petr/.rvm/rubies/ruby-2.1.1/lib/ruby/gems/2.1.0/gems/actionpack-4.1.0/lib/action_dispatch/middleware/templates/routes/_table.html.erb (3.7ms)
  Rendered /home/petr/.rvm/rubies/ruby-2.1.1/lib/ruby/gems/2.1.0/gems/actionpack-4.1.0/lib/action_dispatch/middleware/templates/rescues/routing_error.html.erb within rescues/layout (76.9ms)


Started GET "/welcome/index" for 127.0.0.1 at 2014-04-09 11:06:25 +0400
Processing by WelcomeController#index as HTML
  Rendered welcome/index.html.erb within layouts/application (0.1ms)
Completed 200 OK in 36ms (Views: 33.5ms | ActiveRecord: 0.0ms)


Started GET "/welcome" for 127.0.0.1 at 2014-04-09 11:07:48 +0400

ActionController::RoutingError (No route matches [GET] "/welcome"):
  actionpack (4.1.0) lib/action_dispatch/middleware/debug_exceptions.rb:21:in `call'
  actionpack (4.1.0) lib/action_dispatch/middleware/show_exceptions.rb:30:in `call'
  railties (4.1.0) lib/rails/rack/logger.rb:38:in `call_app'
  railties (4.1.0) lib/rails/rack/logger.rb:20:in `block in call'
  activesupport (4.1.0) lib/active_support/tagged_logging.rb:68:in `block in tagged'
  activesupport (4.1.0) lib/active_support/tagged_logging.rb:26:in `tagged'
  activesupport (4.1.0) lib/active_support/tagged_logging.rb:68:in `tagged'
  railties (4.1.0) lib/rails/rack/logger.rb:20:in `call'
  actionpack (4.1.0) lib/action_dispatch/middleware/request_id.rb:21:in `call'
  rack (1.5.2) lib/rack/methodoverride.rb:21:in `call'
  rack (1.5.2) lib/rack/runtime.rb:17:in `call'
  activesupport (4.1.0) lib/active_support/cache/strategy/local_cache_middleware.rb:26:in `call'
  rack (1.5.2) lib/rack/lock.rb:17:in `call'
  actionpack (4.1.0) lib/action_dispatch/middleware/static.rb:64:in `call'
  rack (1.5.2) lib/rack/sendfile.rb:112:in `call'
  railties (4.1.0) lib/rails/engine.rb:514:in `call'
  railties (4.1.0) lib/rails/application.rb:144:in `call'
  rack (1.5.2) lib/rack/lock.rb:17:in `call'
  rack (1.5.2) lib/rack/content_length.rb:14:in `call'
  rack (1.5.2) lib/rack/handler/webrick.rb:60:in `service'
  /home/petr/.rvm/rubies/ruby-2.1.1/lib/ruby/2.1.0/webrick/httpserver.rb:138:in `service'
  /home/petr/.rvm/rubies/ruby-2.1.1/lib/ruby/2.1.0/webrick/httpserver.rb:94:in `run'
  /home/petr/.rvm/rubies/ruby-2.1.1/lib/ruby/2.1.0/webrick/server.rb:295:in `block in start_thread'


  Rendered /home/petr/.rvm/rubies/ruby-2.1.1/lib/ruby/gems/2.1.0/gems/actionpack-4.1.0/lib/action_dispatch/middleware/templates/rescues/_trace.html.erb (5.1ms)
  Rendered /home/petr/.rvm/rubies/ruby-2.1.1/lib/ruby/gems/2.1.0/gems/actionpack-4.1.0/lib/action_dispatch/middleware/templates/routes/_route.html.erb (1.7ms)
  Rendered /home/petr/.rvm/rubies/ruby-2.1.1/lib/ruby/gems/2.1.0/gems/actionpack-4.1.0/lib/action_dispatch/middleware/templates/routes/_table.html.erb (27.6ms)
  Rendered /home/petr/.rvm/rubies/ruby-2.1.1/lib/ruby/gems/2.1.0/gems/actionpack-4.1.0/lib/action_dispatch/middleware/templates/rescues/routing_error.html.erb within rescues/layout (75.4ms)


Started GET "/welcome" for 127.0.0.1 at 2014-04-09 11:07:55 +0400

ActionController::RoutingError (No route matches [GET] "/welcome"):
  actionpack (4.1.0) lib/action_dispatch/middleware/debug_exceptions.rb:21:in `call'
  actionpack (4.1.0) lib/action_dispatch/middleware/show_exceptions.rb:30:in `call'
  railties (4.1.0) lib/rails/rack/logger.rb:38:in `call_app'
  railties (4.1.0) lib/rails/rack/logger.rb:20:in `block in call'
  activesupport (4.1.0) lib/active_support/tagged_logging.rb:68:in `block in tagged'
  activesupport (4.1.0) lib/active_support/tagged_logging.rb:26:in `tagged'
  activesupport (4.1.0) lib/active_support/tagged_logging.rb:68:in `tagged'
  railties (4.1.0) lib/rails/rack/logger.rb:20:in `call'
  actionpack (4.1.0) lib/action_dispatch/middleware/request_id.rb:21:in `call'
  rack (1.5.2) lib/rack/methodoverride.rb:21:in `call'
  rack (1.5.2) lib/rack/runtime.rb:17:in `call'
  activesupport (4.1.0) lib/active_support/cache/strategy/local_cache_middleware.rb:26:in `call'
  rack (1.5.2) lib/rack/lock.rb:17:in `call'
  actionpack (4.1.0) lib/action_dispatch/middleware/static.rb:64:in `call'
  rack (1.5.2) lib/rack/sendfile.rb:112:in `call'
  railties (4.1.0) lib/rails/engine.rb:514:in `call'
  railties (4.1.0) lib/rails/application.rb:144:in `call'
  rack (1.5.2) lib/rack/lock.rb:17:in `call'
  rack (1.5.2) lib/rack/content_length.rb:14:in `call'
  rack (1.5.2) lib/rack/handler/webrick.rb:60:in `service'
  /home/petr/.rvm/rubies/ruby-2.1.1/lib/ruby/2.1.0/webrick/httpserver.rb:138:in `service'
  /home/petr/.rvm/rubies/ruby-2.1.1/lib/ruby/2.1.0/webrick/httpserver.rb:94:in `run'
  /home/petr/.rvm/rubies/ruby-2.1.1/lib/ruby/2.1.0/webrick/server.rb:295:in `block in start_thread'


  Rendered /home/petr/.rvm/rubies/ruby-2.1.1/lib/ruby/gems/2.1.0/gems/actionpack-4.1.0/lib/action_dispatch/middleware/templates/rescues/_trace.html.erb (2.2ms)
  Rendered /home/petr/.rvm/rubies/ruby-2.1.1/lib/ruby/gems/2.1.0/gems/actionpack-4.1.0/lib/action_dispatch/middleware/templates/routes/_route.html.erb (1.6ms)
  Rendered /home/petr/.rvm/rubies/ruby-2.1.1/lib/ruby/gems/2.1.0/gems/actionpack-4.1.0/lib/action_dispatch/middleware/templates/routes/_table.html.erb (11.3ms)
  Rendered /home/petr/.rvm/rubies/ruby-2.1.1/lib/ruby/gems/2.1.0/gems/actionpack-4.1.0/lib/action_dispatch/middleware/templates/rescues/routing_error.html.erb within rescues/layout (53.3ms)


Started GET "/welcome" for 127.0.0.1 at 2014-04-09 11:07:57 +0400

ActionController::RoutingError (No route matches [GET] "/welcome"):
  actionpack (4.1.0) lib/action_dispatch/middleware/debug_exceptions.rb:21:in `call'
  actionpack (4.1.0) lib/action_dispatch/middleware/show_exceptions.rb:30:in `call'
  railties (4.1.0) lib/rails/rack/logger.rb:38:in `call_app'
  railties (4.1.0) lib/rails/rack/logger.rb:20:in `block in call'
  activesupport (4.1.0) lib/active_support/tagged_logging.rb:68:in `block in tagged'
  activesupport (4.1.0) lib/active_support/tagged_logging.rb:26:in `tagged'
  activesupport (4.1.0) lib/active_support/tagged_logging.rb:68:in `tagged'
  railties (4.1.0) lib/rails/rack/logger.rb:20:in `call'
  actionpack (4.1.0) lib/action_dispatch/middleware/request_id.rb:21:in `call'
  rack (1.5.2) lib/rack/methodoverride.rb:21:in `call'
  rack (1.5.2) lib/rack/runtime.rb:17:in `call'
  activesupport (4.1.0) lib/active_support/cache/strategy/local_cache_middleware.rb:26:in `call'
  rack (1.5.2) lib/rack/lock.rb:17:in `call'
  actionpack (4.1.0) lib/action_dispatch/middleware/static.rb:64:in `call'
  rack (1.5.2) lib/rack/sendfile.rb:112:in `call'
  railties (4.1.0) lib/rails/engine.rb:514:in `call'
  railties (4.1.0) lib/rails/application.rb:144:in `call'
  rack (1.5.2) lib/rack/lock.rb:17:in `call'
  rack (1.5.2) lib/rack/content_length.rb:14:in `call'
  rack (1.5.2) lib/rack/handler/webrick.rb:60:in `service'
  /home/petr/.rvm/rubies/ruby-2.1.1/lib/ruby/2.1.0/webrick/httpserver.rb:138:in `service'
  /home/petr/.rvm/rubies/ruby-2.1.1/lib/ruby/2.1.0/webrick/httpserver.rb:94:in `run'
  /home/petr/.rvm/rubies/ruby-2.1.1/lib/ruby/2.1.0/webrick/server.rb:295:in `block in start_thread'


  Rendered /home/petr/.rvm/rubies/ruby-2.1.1/lib/ruby/gems/2.1.0/gems/actionpack-4.1.0/lib/action_dispatch/middleware/templates/rescues/_trace.html.erb (3.7ms)
  Rendered /home/petr/.rvm/rubies/ruby-2.1.1/lib/ruby/gems/2.1.0/gems/actionpack-4.1.0/lib/action_dispatch/middleware/templates/routes/_route.html.erb (3.5ms)
  Rendered /home/petr/.rvm/rubies/ruby-2.1.1/lib/ruby/gems/2.1.0/gems/actionpack-4.1.0/lib/action_dispatch/middleware/templates/routes/_table.html.erb (2.7ms)
  Rendered /home/petr/.rvm/rubies/ruby-2.1.1/lib/ruby/gems/2.1.0/gems/actionpack-4.1.0/lib/action_dispatch/middleware/templates/rescues/routing_error.html.erb within rescues/layout (64.0ms)


Started GET "/" for 127.0.0.1 at 2014-04-09 11:08:04 +0400
Processing by WelcomeController#index as HTML
  Rendered welcome/index.html.erb within layouts/application (0.6ms)
Completed 200 OK in 170ms (Views: 103.1ms | ActiveRecord: 0.0ms)


Started GET "/assets/welcome.css?body=1" for 127.0.0.1 at 2014-04-09 11:08:04 +0400


Started GET "/assets/welcome.js?body=1" for 127.0.0.1 at 2014-04-09 11:08:04 +0400


Started GET "/" for 127.0.0.1 at 2014-04-16 21:36:08 +0400
Processing by WelcomeController#index as HTML
  Rendered welcome/index.html.erb within layouts/application (13.3ms)
Completed 200 OK in 326ms (Views: 272.1ms | ActiveRecord: 0.0ms)


Started GET "/assets/welcome.css?body=1" for 127.0.0.1 at 2014-04-16 21:36:10 +0400


Started GET "/assets/application.css?body=1" for 127.0.0.1 at 2014-04-16 21:36:10 +0400


Started GET "/assets/jquery_ujs.js?body=1" for 127.0.0.1 at 2014-04-16 21:36:10 +0400


Started GET "/assets/jquery.js?body=1" for 127.0.0.1 at 2014-04-16 21:36:10 +0400


Started GET "/assets/turbolinks.js?body=1" for 127.0.0.1 at 2014-04-16 21:36:10 +0400


Started GET "/assets/welcome.js?body=1" for 127.0.0.1 at 2014-04-16 21:36:10 +0400


Started GET "/assets/application.js?body=1" for 127.0.0.1 at 2014-04-16 21:36:10 +0400


Started GET "/articles/new" for 127.0.0.1 at 2014-04-17 08:42:56 +0400
Processing by ArticlesController#new as HTML
Completed 500 Internal Server Error in 114ms

ActionView::MissingTemplate (Missing template articles/new, application/new with {:locale=>[:en], :formats=>[:html], :variants=>[], :handlers=>[:erb, :builder, :raw, :ruby, :jbuilder, :coffee]}. Searched in:
  * "/home/petr/projects/blog/blog/app/views"
):
  actionview (4.1.0) lib/action_view/path_set.rb:46:in `find'
  actionview (4.1.0) lib/action_view/lookup_context.rb:124:in `find'
  actionview (4.1.0) lib/action_view/renderer/abstract_renderer.rb:18:in `find_template'
  actionview (4.1.0) lib/action_view/renderer/template_renderer.rb:41:in `determine_template'
  actionview (4.1.0) lib/action_view/renderer/template_renderer.rb:8:in `render'
  actionview (4.1.0) lib/action_view/renderer/renderer.rb:42:in `render_template'
  actionview (4.1.0) lib/action_view/renderer/renderer.rb:23:in `render'
  actionview (4.1.0) lib/action_view/rendering.rb:99:in `_render_template'
  actionpack (4.1.0) lib/action_controller/metal/streaming.rb:217:in `_render_template'
  actionview (4.1.0) lib/action_view/rendering.rb:82:in `render_to_body'
  actionpack (4.1.0) lib/action_controller/metal/rendering.rb:32:in `render_to_body'
  actionpack (4.1.0) lib/action_controller/metal/renderers.rb:32:in `render_to_body'
  actionpack (4.1.0) lib/abstract_controller/rendering.rb:25:in `render'
  actionpack (4.1.0) lib/action_controller/metal/rendering.rb:16:in `render'
  actionpack (4.1.0) lib/action_controller/metal/instrumentation.rb:41:in `block (2 levels) in render'
  activesupport (4.1.0) lib/active_support/core_ext/benchmark.rb:12:in `block in ms'
  /home/petr/.rvm/rubies/ruby-2.1.1/lib/ruby/2.1.0/benchmark.rb:294:in `realtime'
  activesupport (4.1.0) lib/active_support/core_ext/benchmark.rb:12:in `ms'
  actionpack (4.1.0) lib/action_controller/metal/instrumentation.rb:41:in `block in render'
  actionpack (4.1.0) lib/action_controller/metal/instrumentation.rb:84:in `cleanup_view_runtime'
  activerecord (4.1.0) lib/active_record/railties/controller_runtime.rb:25:in `cleanup_view_runtime'
  actionpack (4.1.0) lib/action_controller/metal/instrumentation.rb:40:in `render'
  actionpack (4.1.0) lib/action_controller/metal/implicit_render.rb:10:in `default_render'
  actionpack (4.1.0) lib/action_controller/metal/implicit_render.rb:5:in `send_action'
  actionpack (4.1.0) lib/abstract_controller/base.rb:189:in `process_action'
  actionpack (4.1.0) lib/action_controller/metal/rendering.rb:10:in `process_action'
  actionpack (4.1.0) lib/abstract_controller/callbacks.rb:20:in `block in process_action'
  activesupport (4.1.0) lib/active_support/callbacks.rb:113:in `call'
  activesupport (4.1.0) lib/active_support/callbacks.rb:113:in `call'
  activesupport (4.1.0) lib/active_support/callbacks.rb:229:in `block in halting'
  activesupport (4.1.0) lib/active_support/callbacks.rb:229:in `call'
  activesupport (4.1.0) lib/active_support/callbacks.rb:229:in `block in halting'
  activesupport (4.1.0) lib/active_support/callbacks.rb:166:in `call'
  activesupport (4.1.0) lib/active_support/callbacks.rb:166:in `block in halting'
  activesupport (4.1.0) lib/active_support/callbacks.rb:166:in `call'
  activesupport (4.1.0) lib/active_support/callbacks.rb:166:in `block in halting'
  activesupport (4.1.0) lib/active_support/callbacks.rb:166:in `call'
  activesupport (4.1.0) lib/active_support/callbacks.rb:166:in `block in halting'
  activesupport (4.1.0) lib/active_support/callbacks.rb:86:in `call'
  activesupport (4.1.0) lib/active_support/callbacks.rb:86:in `run_callbacks'
  actionpack (4.1.0) lib/abstract_controller/callbacks.rb:19:in `process_action'
  actionpack (4.1.0) lib/action_controller/metal/rescue.rb:29:in `process_action'
  actionpack (4.1.0) lib/action_controller/metal/instrumentation.rb:31:in `block in process_action'
  activesupport (4.1.0) lib/active_support/notifications.rb:159:in `block in instrument'
  activesupport (4.1.0) lib/active_support/notifications/instrumenter.rb:20:in `instrument'
  activesupport (4.1.0) lib/active_support/notifications.rb:159:in `instrument'
  actionpack (4.1.0) lib/action_controller/metal/instrumentation.rb:30:in `process_action'
  actionpack (4.1.0) lib/action_controller/metal/params_wrapper.rb:250:in `process_action'
  activerecord (4.1.0) lib/active_record/railties/controller_runtime.rb:18:in `process_action'
  actionpack (4.1.0) lib/abstract_controller/base.rb:136:in `process'
  actionview (4.1.0) lib/action_view/rendering.rb:30:in `process'
  actionpack (4.1.0) lib/action_controller/metal.rb:195:in `dispatch'
  actionpack (4.1.0) lib/action_controller/metal/rack_delegation.rb:13:in `dispatch'
  actionpack (4.1.0) lib/action_controller/metal.rb:231:in `block in action'
  actionpack (4.1.0) lib/action_dispatch/routing/route_set.rb:80:in `call'
  actionpack (4.1.0) lib/action_dispatch/routing/route_set.rb:80:in `dispatch'
  actionpack (4.1.0) lib/action_dispatch/routing/route_set.rb:48:in `call'
  actionpack (4.1.0) lib/action_dispatch/journey/router.rb:71:in `block in call'
  actionpack (4.1.0) lib/action_dispatch/journey/router.rb:59:in `each'
  actionpack (4.1.0) lib/action_dispatch/journey/router.rb:59:in `call'
  actionpack (4.1.0) lib/action_dispatch/routing/route_set.rb:676:in `call'
  rack (1.5.2) lib/rack/etag.rb:23:in `call'
  rack (1.5.2) lib/rack/conditionalget.rb:25:in `call'
  rack (1.5.2) lib/rack/head.rb:11:in `call'
  actionpack (4.1.0) lib/action_dispatch/middleware/params_parser.rb:27:in `call'
  actionpack (4.1.0) lib/action_dispatch/middleware/flash.rb:254:in `call'
  rack (1.5.2) lib/rack/session/abstract/id.rb:225:in `context'
  rack (1.5.2) lib/rack/session/abstract/id.rb:220:in `call'
  actionpack (4.1.0) lib/action_dispatch/middleware/cookies.rb:560:in `call'
  activerecord (4.1.0) lib/active_record/query_cache.rb:36:in `call'
  activerecord (4.1.0) lib/active_record/connection_adapters/abstract/connection_pool.rb:621:in `call'
  activerecord (4.1.0) lib/active_record/migration.rb:380:in `call'
  actionpack (4.1.0) lib/action_dispatch/middleware/callbacks.rb:29:in `block in call'
  activesupport (4.1.0) lib/active_support/callbacks.rb:82:in `run_callbacks'
  actionpack (4.1.0) lib/action_dispatch/middleware/callbacks.rb:27:in `call'
  actionpack (4.1.0) lib/action_dispatch/middleware/reloader.rb:73:in `call'
  actionpack (4.1.0) lib/action_dispatch/middleware/remote_ip.rb:76:in `call'
  actionpack (4.1.0) lib/action_dispatch/middleware/debug_exceptions.rb:17:in `call'
  actionpack (4.1.0) lib/action_dispatch/middleware/show_exceptions.rb:30:in `call'
  railties (4.1.0) lib/rails/rack/logger.rb:38:in `call_app'
  railties (4.1.0) lib/rails/rack/logger.rb:20:in `block in call'
  activesupport (4.1.0) lib/active_support/tagged_logging.rb:68:in `block in tagged'
  activesupport (4.1.0) lib/active_support/tagged_logging.rb:26:in `tagged'
  activesupport (4.1.0) lib/active_support/tagged_logging.rb:68:in `tagged'
  railties (4.1.0) lib/rails/rack/logger.rb:20:in `call'
  actionpack (4.1.0) lib/action_dispatch/middleware/request_id.rb:21:in `call'
  rack (1.5.2) lib/rack/methodoverride.rb:21:in `call'
  rack (1.5.2) lib/rack/runtime.rb:17:in `call'
  activesupport (4.1.0) lib/active_support/cache/strategy/local_cache_middleware.rb:26:in `call'
  rack (1.5.2) lib/rack/lock.rb:17:in `call'
  actionpack (4.1.0) lib/action_dispatch/middleware/static.rb:64:in `call'
  rack (1.5.2) lib/rack/sendfile.rb:112:in `call'
  railties (4.1.0) lib/rails/engine.rb:514:in `call'
  railties (4.1.0) lib/rails/application.rb:144:in `call'
  rack (1.5.2) lib/rack/lock.rb:17:in `call'
  rack (1.5.2) lib/rack/content_length.rb:14:in `call'
  rack (1.5.2) lib/rack/handler/webrick.rb:60:in `service'
  /home/petr/.rvm/rubies/ruby-2.1.1/lib/ruby/2.1.0/webrick/httpserver.rb:138:in `service'
  /home/petr/.rvm/rubies/ruby-2.1.1/lib/ruby/2.1.0/webrick/httpserver.rb:94:in `run'
  /home/petr/.rvm/rubies/ruby-2.1.1/lib/ruby/2.1.0/webrick/server.rb:295:in `block in start_thread'


  Rendered /home/petr/.rvm/rubies/ruby-2.1.1/lib/ruby/gems/2.1.0/gems/actionpack-4.1.0/lib/action_dispatch/middleware/templates/rescues/missing_template.html.erb within rescues/layout (2.9ms)


Started GET "/articles/new" for 127.0.0.1 at 2014-04-17 13:58:24 +0400
Processing by ArticlesController#new as HTML
  Rendered articles/new.html.erb within layouts/application (0.6ms)
Completed 200 OK in 421ms (Views: 420.6ms | ActiveRecord: 0.0ms)


Started GET "/assets/articles.css?body=1" for 127.0.0.1 at 2014-04-17 13:58:24 +0400


Started GET "/assets/welcome.css?body=1" for 127.0.0.1 at 2014-04-17 13:58:24 +0400


Started GET "/assets/application.css?body=1" for 127.0.0.1 at 2014-04-17 13:58:24 +0400


Started GET "/assets/jquery.js?body=1" for 127.0.0.1 at 2014-04-17 13:58:24 +0400


Started GET "/assets/articles.js?body=1" for 127.0.0.1 at 2014-04-17 13:58:24 +0400


Started GET "/assets/jquery_ujs.js?body=1" for 127.0.0.1 at 2014-04-17 13:58:24 +0400


Started GET "/assets/turbolinks.js?body=1" for 127.0.0.1 at 2014-04-17 13:58:24 +0400


Started GET "/assets/welcome.js?body=1" for 127.0.0.1 at 2014-04-17 13:58:24 +0400


Started GET "/assets/application.js?body=1" for 127.0.0.1 at 2014-04-17 13:58:24 +0400


Started GET "/" for 127.0.0.1 at 2014-04-18 23:33:42 +0400
Processing by WelcomeController#index as HTML
  Rendered welcome/index.html.erb within layouts/application (18.3ms)
Completed 200 OK in 743ms (Views: 617.7ms | ActiveRecord: 0.0ms)


Started GET "/assets/articles.css?body=1" for 127.0.0.1 at 2014-04-18 23:33:44 +0400


Started GET "/assets/application.css?body=1" for 127.0.0.1 at 2014-04-18 23:33:44 +0400


Started GET "/assets/jquery.js?body=1" for 127.0.0.1 at 2014-04-18 23:33:44 +0400


Started GET "/assets/welcome.css?body=1" for 127.0.0.1 at 2014-04-18 23:33:44 +0400


Started GET "/assets/jquery_ujs.js?body=1" for 127.0.0.1 at 2014-04-18 23:33:44 +0400


Started GET "/assets/articles.js?body=1" for 127.0.0.1 at 2014-04-18 23:33:44 +0400


Started GET "/assets/turbolinks.js?body=1" for 127.0.0.1 at 2014-04-18 23:33:44 +0400


Started GET "/assets/welcome.js?body=1" for 127.0.0.1 at 2014-04-18 23:33:44 +0400


Started GET "/assets/application.js?body=1" for 127.0.0.1 at 2014-04-18 23:33:44 +0400


Started GET "/" for 127.0.0.1 at 2014-04-18 23:47:32 +0400
Processing by WelcomeController#index as HTML
  Rendered welcome/index.html.erb within layouts/application (3.6ms)
Completed 200 OK in 169ms (Views: 114.7ms | ActiveRecord: 0.0ms)


Started GET "/assets/articles.css?body=1" for 127.0.0.1 at 2014-04-18 23:47:32 +0400


Started GET "/assets/welcome.css?body=1" for 127.0.0.1 at 2014-04-18 23:47:32 +0400


Started GET "/assets/application.css?body=1" for 127.0.0.1 at 2014-04-18 23:47:32 +0400


Started GET "/assets/jquery.js?body=1" for 127.0.0.1 at 2014-04-18 23:47:32 +0400


Started GET "/assets/turbolinks.js?body=1" for 127.0.0.1 at 2014-04-18 23:47:32 +0400


Started GET "/assets/welcome.js?body=1" for 127.0.0.1 at 2014-04-18 23:47:32 +0400


Started GET "/assets/articles.js?body=1" for 127.0.0.1 at 2014-04-18 23:47:32 +0400


Started GET "/assets/jquery_ujs.js?body=1" for 127.0.0.1 at 2014-04-18 23:47:32 +0400


Started GET "/assets/application.js?body=1" for 127.0.0.1 at 2014-04-18 23:47:32 +0400


Started GET "/articles/" for 127.0.0.1 at 2014-04-18 23:47:53 +0400
Processing by ArticlesController#index as HTML
  Rendered articles/index.html.erb within layouts/application (0.8ms)
Completed 200 OK in 59ms (Views: 54.4ms | ActiveRecord: 0.0ms)


Started GET "/assets/articles.css?body=1" for 127.0.0.1 at 2014-04-18 23:47:53 +0400


Started GET "/assets/welcome.css?body=1" for 127.0.0.1 at 2014-04-18 23:47:53 +0400


Started GET "/assets/application.css?body=1" for 127.0.0.1 at 2014-04-18 23:47:53 +0400


Started GET "/assets/jquery.js?body=1" for 127.0.0.1 at 2014-04-18 23:47:53 +0400


Started GET "/assets/jquery_ujs.js?body=1" for 127.0.0.1 at 2014-04-18 23:47:53 +0400


Started GET "/assets/articles.js?body=1" for 127.0.0.1 at 2014-04-18 23:47:53 +0400


Started GET "/assets/welcome.js?body=1" for 127.0.0.1 at 2014-04-18 23:47:53 +0400


Started GET "/assets/application.js?body=1" for 127.0.0.1 at 2014-04-18 23:47:53 +0400


Started GET "/assets/turbolinks.js?body=1" for 127.0.0.1 at 2014-04-18 23:47:53 +0400
  [1m[36m (143.4ms)[0m  [1mCREATE TABLE "schema_migrations" ("version" varchar(255) NOT NULL) [0m
  [1m[35m (0.2ms)[0m  select sqlite_version(*)
  [1m[36m (133.2ms)[0m  [1mCREATE UNIQUE INDEX "unique_schema_migrations" ON "schema_migrations" ("version")[0m
  [1m[35mActiveRecord::SchemaMigration Load (0.3ms)[0m  SELECT "schema_migrations".* FROM "schema_migrations"
Migrating to CreateArticles (20140418194940)
  [1m[36m (0.1ms)[0m  [1mbegin transaction[0m
  [1m[35m (1.1ms)[0m  CREATE TABLE "articles" ("id" INTEGER PRIMARY KEY AUTOINCREMENT NOT NULL, "name" varchar(255), "text" varchar(255), "created_at" datetime, "updated_at" datetime) 
  [1m[36mSQL (0.8ms)[0m  [1mINSERT INTO "schema_migrations" ("version") VALUES (?)[0m  [["version", "20140418194940"]]
  [1m[35m (128.0ms)[0m  commit transaction
  [1m[36mActiveRecord::SchemaMigration Load (0.2ms)[0m  [1mSELECT "schema_migrations".* FROM "schema_migrations"[0m
  [1m[36m (0.2ms)[0m  [1mbegin transaction[0m
  [1m[35mSQL (3.5ms)[0m  INSERT INTO "articles" ("created_at", "name", "updated_at") VALUES (?, ?, ?)  [["created_at", "2014-04-18 20:11:15.618525"], ["name", "sdf"], ["updated_at", "2014-04-18 20:11:15.618525"]]
  [1m[36m (127.9ms)[0m  [1mcommit transaction[0m
  [1m[35m (0.1ms)[0m  begin transaction
  [1m[36mSQL (1.6ms)[0m  [1mINSERT INTO "articles" ("created_at", "name", "text", "updated_at") VALUES (?, ?, ?, ?)[0m  [["created_at", "2014-04-18 20:11:29.040486"], ["name", "sdf"], ["text", "sgfsrth"], ["updated_at", "2014-04-18 20:11:29.040486"]]
  [1m[35m (125.5ms)[0m  commit transaction
  [1m[36mArticle Load (0.3ms)[0m  [1mSELECT  "articles".* FROM "articles"   ORDER BY "articles"."id" ASC LIMIT 1 OFFSET 1[0m
  [1m[35m (0.1ms)[0m  begin transaction
  [1m[36mSQL (1.1ms)[0m  [1mUPDATE "articles" SET "text" = ?, "updated_at" = ? WHERE "articles"."id" = 2[0m  [["text", "sdf"], ["updated_at", "2014-04-18 20:12:50.541058"]]
  [1m[35m (138.6ms)[0m  commit transaction
  [1m[36m (0.1ms)[0m  [1mbegin transaction[0m
  [1m[35mSQL (1.2ms)[0m  INSERT INTO "articles" ("created_at", "name", "text", "updated_at") VALUES (?, ?, ?, ?)  [["created_at", "2014-04-18 20:16:37.138943"], ["name", "sdf"], ["text", "sgfsrth"], ["updated_at", "2014-04-18 20:16:37.138943"]]
  [1m[36m (127.7ms)[0m  [1mcommit transaction[0m
  [1m[36m (0.2ms)[0m  [1mbegin transaction[0m
  [1m[35mSQL (1.1ms)[0m  INSERT INTO "articles" ("created_at", "updated_at") VALUES (?, ?)  [["created_at", "2014-04-18 20:49:39.498697"], ["updated_at", "2014-04-18 20:49:39.498697"]]
  [1m[36m (142.1ms)[0m  [1mcommit transaction[0m
  [1m[35mArticle Load (0.4ms)[0m  SELECT "articles".* FROM "articles"


Started GET "/articles/" for 127.0.0.1 at 2014-04-19 00:52:47 +0400
  [1m[36mActiveRecord::SchemaMigration Load (0.3ms)[0m  [1mSELECT "schema_migrations".* FROM "schema_migrations"[0m
Processing by ArticlesController#index as HTML
  Rendered articles/index.html.erb within layouts/application (2.2ms)
Completed 200 OK in 184ms (Views: 128.8ms | ActiveRecord: 0.0ms)


Started GET "/assets/articles.css?body=1" for 127.0.0.1 at 2014-04-19 00:52:48 +0400


Started GET "/assets/welcome.css?body=1" for 127.0.0.1 at 2014-04-19 00:52:48 +0400


Started GET "/assets/application.css?body=1" for 127.0.0.1 at 2014-04-19 00:52:48 +0400


Started GET "/assets/jquery.js?body=1" for 127.0.0.1 at 2014-04-19 00:52:48 +0400


Started GET "/assets/jquery_ujs.js?body=1" for 127.0.0.1 at 2014-04-19 00:52:48 +0400


Started GET "/assets/articles.js?body=1" for 127.0.0.1 at 2014-04-19 00:52:48 +0400


Started GET "/assets/application.js?body=1" for 127.0.0.1 at 2014-04-19 00:52:48 +0400


Started GET "/assets/welcome.js?body=1" for 127.0.0.1 at 2014-04-19 00:52:48 +0400


Started GET "/assets/turbolinks.js?body=1" for 127.0.0.1 at 2014-04-19 00:52:48 +0400


Started GET "/articles/" for 127.0.0.1 at 2014-04-19 00:55:43 +0400
  [1m[36mActiveRecord::SchemaMigration Load (0.3ms)[0m  [1mSELECT "schema_migrations".* FROM "schema_migrations"[0m
Processing by ArticlesController#index as HTML
  [1m[35mArticle Load (0.3ms)[0m  SELECT "articles".* FROM "articles"
  Rendered articles/index.html.erb within layouts/application (5.9ms)
Completed 200 OK in 165ms (Views: 120.1ms | ActiveRecord: 1.0ms)


Started GET "/assets/articles.css?body=1" for 127.0.0.1 at 2014-04-19 00:55:44 +0400


Started GET "/assets/welcome.css?body=1" for 127.0.0.1 at 2014-04-19 00:55:44 +0400


Started GET "/assets/application.css?body=1" for 127.0.0.1 at 2014-04-19 00:55:44 +0400


Started GET "/assets/jquery.js?body=1" for 127.0.0.1 at 2014-04-19 00:55:44 +0400


Started GET "/assets/jquery_ujs.js?body=1" for 127.0.0.1 at 2014-04-19 00:55:44 +0400


Started GET "/assets/turbolinks.js?body=1" for 127.0.0.1 at 2014-04-19 00:55:44 +0400


Started GET "/assets/welcome.js?body=1" for 127.0.0.1 at 2014-04-19 00:55:44 +0400


Started GET "/assets/articles.js?body=1" for 127.0.0.1 at 2014-04-19 00:55:44 +0400


Started GET "/assets/application.js?body=1" for 127.0.0.1 at 2014-04-19 00:55:44 +0400


Started GET "/articles/" for 127.0.0.1 at 2014-04-19 00:56:04 +0400
Processing by ArticlesController#index as HTML
  [1m[36mArticle Load (0.4ms)[0m  [1mSELECT "articles".* FROM "articles"[0m
  Rendered articles/index.html.erb within layouts/application (26.0ms)
Completed 200 OK in 60ms (Views: 58.3ms | ActiveRecord: 0.4ms)


Started GET "/assets/articles.css?body=1" for 127.0.0.1 at 2014-04-19 00:56:04 +0400


Started GET "/assets/welcome.css?body=1" for 127.0.0.1 at 2014-04-19 00:56:04 +0400


Started GET "/assets/application.css?body=1" for 127.0.0.1 at 2014-04-19 00:56:04 +0400


Started GET "/assets/jquery.js?body=1" for 127.0.0.1 at 2014-04-19 00:56:04 +0400


Started GET "/assets/jquery_ujs.js?body=1" for 127.0.0.1 at 2014-04-19 00:56:04 +0400


Started GET "/assets/articles.js?body=1" for 127.0.0.1 at 2014-04-19 00:56:04 +0400


Started GET "/assets/application.js?body=1" for 127.0.0.1 at 2014-04-19 00:56:04 +0400


Started GET "/assets/welcome.js?body=1" for 127.0.0.1 at 2014-04-19 00:56:04 +0400


Started GET "/assets/turbolinks.js?body=1" for 127.0.0.1 at 2014-04-19 00:56:04 +0400


Started GET "/articles/" for 127.0.0.1 at 2014-04-19 00:56:11 +0400
Processing by ArticlesController#index as HTML
  [1m[35mArticle Load (0.4ms)[0m  SELECT "articles".* FROM "articles"
  Rendered articles/index.html.erb within layouts/application (6.9ms)
Completed 200 OK in 57ms (Views: 55.0ms | ActiveRecord: 0.4ms)


Started GET "/assets/articles.css?body=1" for 127.0.0.1 at 2014-04-19 00:56:12 +0400


Started GET "/assets/welcome.css?body=1" for 127.0.0.1 at 2014-04-19 00:56:12 +0400


Started GET "/assets/application.css?body=1" for 127.0.0.1 at 2014-04-19 00:56:12 +0400


Started GET "/assets/jquery.js?body=1" for 127.0.0.1 at 2014-04-19 00:56:12 +0400


Started GET "/assets/jquery_ujs.js?body=1" for 127.0.0.1 at 2014-04-19 00:56:12 +0400


Started GET "/assets/turbolinks.js?body=1" for 127.0.0.1 at 2014-04-19 00:56:12 +0400


Started GET "/assets/articles.js?body=1" for 127.0.0.1 at 2014-04-19 00:56:12 +0400


Started GET "/assets/application.js?body=1" for 127.0.0.1 at 2014-04-19 00:56:12 +0400


Started GET "/assets/welcome.js?body=1" for 127.0.0.1 at 2014-04-19 00:56:12 +0400


Started GET "/articles/" for 127.0.0.1 at 2014-04-19 01:02:43 +0400
Processing by ArticlesController#index as HTML
  [1m[36mArticle Load (0.3ms)[0m  [1mSELECT "articles".* FROM "articles"[0m
  Rendered articles/index.html.erb within layouts/application (14.1ms)
Completed 200 OK in 42ms (Views: 40.9ms | ActiveRecord: 0.3ms)


Started GET "/assets/articles.css?body=1" for 127.0.0.1 at 2014-04-19 01:02:43 +0400


Started GET "/assets/welcome.css?body=1" for 127.0.0.1 at 2014-04-19 01:02:43 +0400


Started GET "/assets/application.css?body=1" for 127.0.0.1 at 2014-04-19 01:02:43 +0400


Started GET "/assets/jquery.js?body=1" for 127.0.0.1 at 2014-04-19 01:02:43 +0400


Started GET "/assets/jquery_ujs.js?body=1" for 127.0.0.1 at 2014-04-19 01:02:43 +0400


Started GET "/assets/turbolinks.js?body=1" for 127.0.0.1 at 2014-04-19 01:02:43 +0400


Started GET "/assets/welcome.js?body=1" for 127.0.0.1 at 2014-04-19 01:02:43 +0400


Started GET "/assets/articles.js?body=1" for 127.0.0.1 at 2014-04-19 01:02:43 +0400


Started GET "/assets/application.js?body=1" for 127.0.0.1 at 2014-04-19 01:02:43 +0400
